<?xml version="1.0" encoding="UTF-8"?>
<!-- Generated by org.testng.reporters.JUnitReportReporter -->
<testsuite hostname="AI3FQ0WS14" failures="0" tests="3" name="testCases.TC05_ResetPassword" time="27.643" errors="0" timestamp="2025-01-07T13:28:08 EST" skipped="0">
  <testcase classname="testCases.TC05_ResetPassword" name="verifyPasswordReset" time="4.053"/>
  <testcase classname="testCases.TC05_ResetPassword" name="verifyPasswordReset" time="12.217"/>
  <testcase classname="testCases.TC05_ResetPassword" name="verifyPasswordReset" time="11.373"/>
</testsuite> <!-- testCases.TC05_ResetPassword -->
